<?xml version="1.0" encoding="UTF-8"?>
<!-- Generated by org.testng.reporters.JUnitXMLReporter -->
<testsuite ignored="0" hostname="HP" failures="0" tests="3" name="Test" time="64.463" errors="0" timestamp="2022-12-09T14:12:29 IST">
  <testcase classname="neostoxTest.NeoStoxTest1" name="validatingFunds" time="0.092"/>
  <testcase classname="neostoxTest.NeoStoxTest1" name="validateUsernamefrom" time="0.065"/>
  <testcase classname="neostoxTest.NeoStoxTest2" name="validatigUsename" time="0.039"/>
</testsuite> <!-- Test -->
