<?xml version="1.0" encoding="UTF-8"?>
<!-- Generated by org.testng.reporters.JUnitXMLReporter -->
<testsuite ignored="0" hostname="HP" failures="0" tests="3" name="Test" time="42.642" errors="0" timestamp="2022-12-09T20:39:55 IST">
  <testcase classname="neostoxTest.NeoStoxTest1" name="validatingFunds" time="0.061"/>
  <testcase classname="neostoxTest.NeoStoxTest1" name="validateUsernamefrom" time="0.045"/>
  <testcase classname="neostoxTest.NeoStoxTest2" name="validatigUsename" time="0.034"/>
</testsuite> <!-- Test -->
