<?xml version="1.0" encoding="UTF-8"?>
<testsuite xmlns:xsi="http://www.w3.org/2001/XMLSchema-instance" xsi:noNamespaceSchemaLocation="https://maven.apache.org/surefire/maven-surefire-plugin/xsd/surefire-test-report-3.0.xsd" version="3.0" name="TestSuite" time="43.197" tests="3" errors="0" skipped="0" failures="0">
  <properties>
[...]
</properties>
  <testcase name="validatingFunds" classname="neostoxTest.NeoStoxTest1" time="0.06">
    <system-out><![CDATA[launching browser 
entering mobile no
clicking on sign in button
entering password
clicking on submit button
handling popup
getting balance
Rs.5,00,000.00
testcase  validatingFunds  is pass
]]></system-out>
    <system-err><![CDATA[SLF4J: Failed to load class "org.slf4j.impl.StaticLoggerBinder".
SLF4J: Defaulting to no-operation (NOP) logger implementation
SLF4J: See http://www.slf4j.org/codes.html#StaticLoggerBinder for further details.
ERROR StatusLogger Log4j2 could not find a logging implementation. Please add log4j-core to the classpath. Using SimpleLogger to log to the console...
Starting ChromeDriver 107.0.5304.62 (1eec40d3a5764881c92085aaee66d25075c159aa-refs/branch-heads/5304@{#942}) on port 62945
Only local connections are allowed.
Please see https://chromedriver.chromium.org/security-considerations for suggestions on keeping ChromeDriver safe.
ChromeDriver was started successfully.
[1670598555.497][WARNING]: This version of ChromeDriver has not been tested with Chrome version 108.
Dec 09, 2022 8:39:15 PM org.openqa.selenium.remote.ProtocolHandshake createSession
INFO: Detected upstream dialect: W3C
Dec 09, 2022 8:39:15 PM org.openqa.selenium.devtools.CdpVersionFinder findNearestMatch
WARNING: Unable to find an exact match for CDP version 108, so returning the closest version found: 104
Dec 09, 2022 8:39:15 PM org.openqa.selenium.devtools.CdpVersionFinder findNearestMatch
INFO: Found CDP implementation for version 108 of 104
]]></system-err>
  </testcase>
  <testcase name="validateUsernamefrom" classname="neostoxTest.NeoStoxTest1" time="0.045">
    <system-out><![CDATA[loging out
entering mobile no
clicking on sign in button
entering password
clicking on submit button
there is no popup
getting actual username
Hi Vishal udhan
testcase  validateUsernamefrom  is pass
]]></system-out>
  </testcase>
  <testcase name="validatigUsename" classname="neostoxTest.NeoStoxTest2" time="0.031">
    <system-out><![CDATA[loging out
launching browser 
entering mobile no
clicking on sign in button
entering password
clicking on submit button
handling popup
getting actual username
testcase  validatigUsename  is pass
]]></system-out>
    <system-err><![CDATA[Starting ChromeDriver 107.0.5304.62 (1eec40d3a5764881c92085aaee66d25075c159aa-refs/branch-heads/5304@{#942}) on port 52665
Only local connections are allowed.
Please see https://chromedriver.chromium.org/security-considerations for suggestions on keeping ChromeDriver safe.
ChromeDriver was started successfully.
[1670598582.093][WARNING]: This version of ChromeDriver has not been tested with Chrome version 108.
Dec 09, 2022 8:39:42 PM org.openqa.selenium.remote.ProtocolHandshake createSession
INFO: Detected upstream dialect: W3C
Dec 09, 2022 8:39:42 PM org.openqa.selenium.devtools.CdpVersionFinder findNearestMatch
WARNING: Unable to find an exact match for CDP version 108, so returning the closest version found: 104
Dec 09, 2022 8:39:42 PM org.openqa.selenium.devtools.CdpVersionFinder findNearestMatch
INFO: Found CDP implementation for version 108 of 104
]]></system-err>
  </testcase>
</testsuite>