<?xml version="1.0" encoding="UTF-8"?>
<testng-results ignored="0" total="3" passed="3" failed="0" skipped="0">
  <reporter-output>
    <line>
      <![CDATA[launching browser ]]>
    </line>
    <line>
      <![CDATA[entering mobile no]]>
    </line>
    <line>
      <![CDATA[clicking on sign in button]]>
    </line>
    <line>
      <![CDATA[entering password]]>
    </line>
    <line>
      <![CDATA[clicking on submit button]]>
    </line>
    <line>
      <![CDATA[handling popup]]>
    </line>
    <line>
      <![CDATA[getting balance]]>
    </line>
    <line>
      <![CDATA[testcase  validatingFunds  is pass]]>
    </line>
    <line>
      <![CDATA[loging out]]>
    </line>
    <line>
      <![CDATA[entering mobile no]]>
    </line>
    <line>
      <![CDATA[clicking on sign in button]]>
    </line>
    <line>
      <![CDATA[entering password]]>
    </line>
    <line>
      <![CDATA[clicking on submit button]]>
    </line>
    <line>
      <![CDATA[there is no popup]]>
    </line>
    <line>
      <![CDATA[getting actual username]]>
    </line>
    <line>
      <![CDATA[testcase  validateUsernamefrom  is pass]]>
    </line>
    <line>
      <![CDATA[loging out]]>
    </line>
    <line>
      <![CDATA[launching browser ]]>
    </line>
    <line>
      <![CDATA[entering mobile no]]>
    </line>
    <line>
      <![CDATA[clicking on sign in button]]>
    </line>
    <line>
      <![CDATA[entering password]]>
    </line>
    <line>
      <![CDATA[clicking on submit button]]>
    </line>
    <line>
      <![CDATA[handling popup]]>
    </line>
    <line>
      <![CDATA[getting actual username]]>
    </line>
    <line>
      <![CDATA[testcase  validatigUsename  is pass]]>
    </line>
    <line>
      <![CDATA[loging out]]>
    </line>
  </reporter-output>
  <suite started-at="2022-12-09T20:39:12 IST" name="Suite" finished-at="2022-12-09T20:39:55 IST" duration-ms="42642">
    <groups>
    </groups>
    <test started-at="2022-12-09T20:39:12 IST" name="Test" finished-at="2022-12-09T20:39:55 IST" duration-ms="42642">
      <class name="neostoxTest.NeoStoxTest2">
        <test-method is-config="true" signature="LaunchingApp()[pri:0, instance:neostoxTest.NeoStoxTest2@5a63f509]" started-at="2022-12-09T20:39:41 IST" name="LaunchingApp" finished-at="2022-12-09T20:39:46 IST" duration-ms="5051" status="PASS">
          <reporter-output>
            <line>
              <![CDATA[launching browser ]]>
            </line>
          </reporter-output>
        </test-method> <!-- LaunchingApp -->
        <test-method is-config="true" signature="loginToApp()[pri:0, instance:neostoxTest.NeoStoxTest2@5a63f509]" started-at="2022-12-09T20:39:46 IST" name="loginToApp" finished-at="2022-12-09T20:39:55 IST" duration-ms="9065" status="PASS">
          <reporter-output>
            <line>
              <![CDATA[entering mobile no]]>
            </line>
            <line>
              <![CDATA[clicking on sign in button]]>
            </line>
            <line>
              <![CDATA[entering password]]>
            </line>
            <line>
              <![CDATA[clicking on submit button]]>
            </line>
            <line>
              <![CDATA[handling popup]]>
            </line>
          </reporter-output>
        </test-method> <!-- loginToApp -->
        <test-method signature="validatigUsename()[pri:0, instance:neostoxTest.NeoStoxTest2@5a63f509]" started-at="2022-12-09T20:39:55 IST" name="validatigUsename" finished-at="2022-12-09T20:39:55 IST" duration-ms="34" status="PASS">
          <reporter-output>
            <line>
              <![CDATA[getting actual username]]>
            </line>
            <line>
              <![CDATA[testcase  validatigUsename  is pass]]>
            </line>
          </reporter-output>
        </test-method> <!-- validatigUsename -->
        <test-method is-config="true" signature="logoutFromApp()[pri:0, instance:neostoxTest.NeoStoxTest2@5a63f509]" started-at="2022-12-09T20:39:55 IST" name="logoutFromApp" finished-at="2022-12-09T20:39:55 IST" duration-ms="107" status="PASS">
          <reporter-output>
            <line>
              <![CDATA[loging out]]>
            </line>
          </reporter-output>
        </test-method> <!-- logoutFromApp -->
      </class> <!-- neostoxTest.NeoStoxTest2 -->
      <class name="neostoxTest.NeoStoxTest1">
        <test-method is-config="true" signature="LaunchingApp()[pri:0, instance:neostoxTest.NeoStoxTest1@703580bf]" started-at="2022-12-09T20:39:12 IST" name="LaunchingApp" finished-at="2022-12-09T20:39:19 IST" duration-ms="6916" status="PASS">
          <reporter-output>
            <line>
              <![CDATA[launching browser ]]>
            </line>
          </reporter-output>
        </test-method> <!-- LaunchingApp -->
        <test-method is-config="true" signature="loginToApp()[pri:0, instance:neostoxTest.NeoStoxTest1@703580bf]" started-at="2022-12-09T20:39:19 IST" name="loginToApp" finished-at="2022-12-09T20:39:31 IST" duration-ms="12197" status="PASS">
          <reporter-output>
            <line>
              <![CDATA[entering mobile no]]>
            </line>
            <line>
              <![CDATA[clicking on sign in button]]>
            </line>
            <line>
              <![CDATA[entering password]]>
            </line>
            <line>
              <![CDATA[clicking on submit button]]>
            </line>
            <line>
              <![CDATA[handling popup]]>
            </line>
          </reporter-output>
        </test-method> <!-- loginToApp -->
        <test-method signature="validatingFunds()[pri:0, instance:neostoxTest.NeoStoxTest1@703580bf]" started-at="2022-12-09T20:39:31 IST" name="validatingFunds" finished-at="2022-12-09T20:39:31 IST" duration-ms="61" status="PASS">
          <reporter-output>
            <line>
              <![CDATA[getting balance]]>
            </line>
            <line>
              <![CDATA[testcase  validatingFunds  is pass]]>
            </line>
          </reporter-output>
        </test-method> <!-- validatingFunds -->
        <test-method is-config="true" signature="logoutFromApp()[pri:0, instance:neostoxTest.NeoStoxTest1@703580bf]" started-at="2022-12-09T20:39:31 IST" name="logoutFromApp" finished-at="2022-12-09T20:39:33 IST" duration-ms="1620" status="PASS">
          <reporter-output>
            <line>
              <![CDATA[loging out]]>
            </line>
          </reporter-output>
        </test-method> <!-- logoutFromApp -->
        <test-method is-config="true" signature="loginToApp()[pri:0, instance:neostoxTest.NeoStoxTest1@703580bf]" started-at="2022-12-09T20:39:33 IST" name="loginToApp" finished-at="2022-12-09T20:39:39 IST" duration-ms="5807" status="PASS">
          <reporter-output>
            <line>
              <![CDATA[entering mobile no]]>
            </line>
            <line>
              <![CDATA[clicking on sign in button]]>
            </line>
            <line>
              <![CDATA[entering password]]>
            </line>
            <line>
              <![CDATA[clicking on submit button]]>
            </line>
            <line>
              <![CDATA[there is no popup]]>
            </line>
          </reporter-output>
        </test-method> <!-- loginToApp -->
        <test-method signature="validateUsernamefrom()[pri:1, instance:neostoxTest.NeoStoxTest1@703580bf]" started-at="2022-12-09T20:39:39 IST" name="validateUsernamefrom" finished-at="2022-12-09T20:39:39 IST" duration-ms="45" status="PASS">
          <reporter-output>
            <line>
              <![CDATA[getting actual username]]>
            </line>
            <line>
              <![CDATA[testcase  validateUsernamefrom  is pass]]>
            </line>
          </reporter-output>
        </test-method> <!-- validateUsernamefrom -->
        <test-method is-config="true" signature="logoutFromApp()[pri:0, instance:neostoxTest.NeoStoxTest1@703580bf]" started-at="2022-12-09T20:39:39 IST" name="logoutFromApp" finished-at="2022-12-09T20:39:40 IST" duration-ms="1195" status="PASS">
          <reporter-output>
            <line>
              <![CDATA[loging out]]>
            </line>
          </reporter-output>
        </test-method> <!-- logoutFromApp -->
        <test-method is-config="true" signature="closeBrowser()[pri:0, instance:neostoxTest.NeoStoxTest1@703580bf]" started-at="2022-12-09T20:39:40 IST" name="closeBrowser" finished-at="2022-12-09T20:39:41 IST" duration-ms="509" status="PASS">
          <reporter-output>
          </reporter-output>
        </test-method> <!-- closeBrowser -->
      </class> <!-- neostoxTest.NeoStoxTest1 -->
    </test> <!-- Test -->
  </suite> <!-- Suite -->
</testng-results>
