<?xml version="1.0" encoding="UTF-8"?>
<testng-results ignored="0" total="2" passed="2" failed="0" skipped="0">
  <reporter-output>
    <line>
      <![CDATA[launching browser ]]>
    </line>
    <line>
      <![CDATA[entering mobile no]]>
    </line>
    <line>
      <![CDATA[clicking on sign in button]]>
    </line>
    <line>
      <![CDATA[entering password]]>
    </line>
    <line>
      <![CDATA[clicking on submit button]]>
    </line>
    <line>
      <![CDATA[handling popup]]>
    </line>
    <line>
      <![CDATA[getting balance]]>
    </line>
    <line>
      <![CDATA[testcase  validatingFunds  is pass]]>
    </line>
    <line>
      <![CDATA[loging out]]>
    </line>
    <line>
      <![CDATA[entering mobile no]]>
    </line>
    <line>
      <![CDATA[clicking on sign in button]]>
    </line>
    <line>
      <![CDATA[entering password]]>
    </line>
    <line>
      <![CDATA[clicking on submit button]]>
    </line>
    <line>
      <![CDATA[there is no popup]]>
    </line>
    <line>
      <![CDATA[getting actual username]]>
    </line>
    <line>
      <![CDATA[testcase  validateUsernamefrom  is pass]]>
    </line>
    <line>
      <![CDATA[loging out]]>
    </line>
  </reporter-output>
  <suite started-at="2022-11-30T11:26:11 IST" name="Default suite" finished-at="2022-11-30T11:26:31 IST" duration-ms="20699">
    <groups>
    </groups>
    <test started-at="2022-11-30T11:26:11 IST" name="Default test" finished-at="2022-11-30T11:26:31 IST" duration-ms="20699">
      <class name="neostoxTest.NeoStoxTest1">
        <test-method is-config="true" signature="LaunchingApp()[pri:0, instance:neostoxTest.NeoStoxTest1@37d4349f]" started-at="2022-11-30T11:26:11 IST" name="LaunchingApp" finished-at="2022-11-30T11:26:16 IST" duration-ms="5775" status="PASS">
          <reporter-output>
            <line>
              <![CDATA[launching browser ]]>
            </line>
          </reporter-output>
        </test-method> <!-- LaunchingApp -->
        <test-method is-config="true" signature="loginToApp()[pri:0, instance:neostoxTest.NeoStoxTest1@37d4349f]" started-at="2022-11-30T11:26:16 IST" name="loginToApp" finished-at="2022-11-30T11:26:23 IST" duration-ms="6989" status="PASS">
          <reporter-output>
            <line>
              <![CDATA[entering mobile no]]>
            </line>
            <line>
              <![CDATA[clicking on sign in button]]>
            </line>
            <line>
              <![CDATA[entering password]]>
            </line>
            <line>
              <![CDATA[clicking on submit button]]>
            </line>
            <line>
              <![CDATA[handling popup]]>
            </line>
          </reporter-output>
        </test-method> <!-- loginToApp -->
        <test-method signature="validatingFunds()[pri:0, instance:neostoxTest.NeoStoxTest1@37d4349f]" started-at="2022-11-30T11:26:23 IST" name="validatingFunds" finished-at="2022-11-30T11:26:23 IST" duration-ms="44" status="PASS">
          <reporter-output>
            <line>
              <![CDATA[getting balance]]>
            </line>
            <line>
              <![CDATA[testcase  validatingFunds  is pass]]>
            </line>
          </reporter-output>
        </test-method> <!-- validatingFunds -->
        <test-method is-config="true" signature="logoutFromApp()[pri:0, instance:neostoxTest.NeoStoxTest1@37d4349f]" started-at="2022-11-30T11:26:23 IST" name="logoutFromApp" finished-at="2022-11-30T11:26:25 IST" duration-ms="1538" status="PASS">
          <reporter-output>
            <line>
              <![CDATA[loging out]]>
            </line>
          </reporter-output>
        </test-method> <!-- logoutFromApp -->
        <test-method is-config="true" signature="loginToApp()[pri:0, instance:neostoxTest.NeoStoxTest1@37d4349f]" started-at="2022-11-30T11:26:25 IST" name="loginToApp" finished-at="2022-11-30T11:26:30 IST" duration-ms="4587" status="PASS">
          <reporter-output>
            <line>
              <![CDATA[entering mobile no]]>
            </line>
            <line>
              <![CDATA[clicking on sign in button]]>
            </line>
            <line>
              <![CDATA[entering password]]>
            </line>
            <line>
              <![CDATA[clicking on submit button]]>
            </line>
            <line>
              <![CDATA[there is no popup]]>
            </line>
          </reporter-output>
        </test-method> <!-- loginToApp -->
        <test-method signature="validateUsernamefrom()[pri:1, instance:neostoxTest.NeoStoxTest1@37d4349f]" started-at="2022-11-30T11:26:30 IST" name="validateUsernamefrom" finished-at="2022-11-30T11:26:30 IST" duration-ms="131" status="PASS">
          <reporter-output>
            <line>
              <![CDATA[getting actual username]]>
            </line>
            <line>
              <![CDATA[testcase  validateUsernamefrom  is pass]]>
            </line>
          </reporter-output>
        </test-method> <!-- validateUsernamefrom -->
        <test-method is-config="true" signature="logoutFromApp()[pri:0, instance:neostoxTest.NeoStoxTest1@37d4349f]" started-at="2022-11-30T11:26:30 IST" name="logoutFromApp" finished-at="2022-11-30T11:26:31 IST" duration-ms="1176" status="PASS">
          <reporter-output>
            <line>
              <![CDATA[loging out]]>
            </line>
          </reporter-output>
        </test-method> <!-- logoutFromApp -->
        <test-method is-config="true" signature="closeBrowser()[pri:0, instance:neostoxTest.NeoStoxTest1@37d4349f]" started-at="2022-11-30T11:26:31 IST" name="closeBrowser" finished-at="2022-11-30T11:26:31 IST" duration-ms="414" status="PASS">
          <reporter-output>
          </reporter-output>
        </test-method> <!-- closeBrowser -->
      </class> <!-- neostoxTest.NeoStoxTest1 -->
    </test> <!-- Default test -->
  </suite> <!-- Default suite -->
</testng-results>
