<?xml version="1.0" encoding="UTF-8"?>
<testng-results ignored="0" total="3" passed="3" failed="0" skipped="0">
  <reporter-output>
    <line>
      <![CDATA[launching browser ]]>
    </line>
    <line>
      <![CDATA[entering mobile no]]>
    </line>
    <line>
      <![CDATA[clicking on sign in button]]>
    </line>
    <line>
      <![CDATA[entering password]]>
    </line>
    <line>
      <![CDATA[clicking on submit button]]>
    </line>
    <line>
      <![CDATA[handling popup]]>
    </line>
    <line>
      <![CDATA[getting balance]]>
    </line>
    <line>
      <![CDATA[testcase  validatingFunds  is pass]]>
    </line>
    <line>
      <![CDATA[loging out]]>
    </line>
    <line>
      <![CDATA[entering mobile no]]>
    </line>
    <line>
      <![CDATA[clicking on sign in button]]>
    </line>
    <line>
      <![CDATA[entering password]]>
    </line>
    <line>
      <![CDATA[clicking on submit button]]>
    </line>
    <line>
      <![CDATA[there is no popup]]>
    </line>
    <line>
      <![CDATA[getting actual username]]>
    </line>
    <line>
      <![CDATA[testcase  validateUsernamefrom  is pass]]>
    </line>
    <line>
      <![CDATA[loging out]]>
    </line>
    <line>
      <![CDATA[launching browser ]]>
    </line>
    <line>
      <![CDATA[entering mobile no]]>
    </line>
    <line>
      <![CDATA[clicking on sign in button]]>
    </line>
    <line>
      <![CDATA[entering password]]>
    </line>
    <line>
      <![CDATA[clicking on submit button]]>
    </line>
    <line>
      <![CDATA[handling popup]]>
    </line>
    <line>
      <![CDATA[getting actual username]]>
    </line>
    <line>
      <![CDATA[testcase  validatigUsename  is pass]]>
    </line>
    <line>
      <![CDATA[loging out]]>
    </line>
  </reporter-output>
  <suite started-at="2022-12-09T14:11:25 IST" name="Suite" finished-at="2022-12-09T14:12:29 IST" duration-ms="64463">
    <groups>
    </groups>
    <test started-at="2022-12-09T14:11:25 IST" name="Test" finished-at="2022-12-09T14:12:29 IST" duration-ms="64463">
      <class name="neostoxTest.NeoStoxTest2">
        <test-method is-config="true" signature="LaunchingApp()[pri:0, instance:neostoxTest.NeoStoxTest2@4803b726]" started-at="2022-12-09T14:12:04 IST" name="LaunchingApp" finished-at="2022-12-09T14:12:09 IST" duration-ms="5543" status="PASS">
          <reporter-output>
            <line>
              <![CDATA[launching browser ]]>
            </line>
          </reporter-output>
        </test-method> <!-- LaunchingApp -->
        <test-method is-config="true" signature="loginToApp()[pri:0, instance:neostoxTest.NeoStoxTest2@4803b726]" started-at="2022-12-09T14:12:09 IST" name="loginToApp" finished-at="2022-12-09T14:12:29 IST" duration-ms="19659" status="PASS">
          <reporter-output>
            <line>
              <![CDATA[entering mobile no]]>
            </line>
            <line>
              <![CDATA[clicking on sign in button]]>
            </line>
            <line>
              <![CDATA[entering password]]>
            </line>
            <line>
              <![CDATA[clicking on submit button]]>
            </line>
            <line>
              <![CDATA[handling popup]]>
            </line>
          </reporter-output>
        </test-method> <!-- loginToApp -->
        <test-method signature="validatigUsename()[pri:0, instance:neostoxTest.NeoStoxTest2@4803b726]" started-at="2022-12-09T14:12:29 IST" name="validatigUsename" finished-at="2022-12-09T14:12:29 IST" duration-ms="39" status="PASS">
          <reporter-output>
            <line>
              <![CDATA[getting actual username]]>
            </line>
            <line>
              <![CDATA[testcase  validatigUsename  is pass]]>
            </line>
          </reporter-output>
        </test-method> <!-- validatigUsename -->
        <test-method is-config="true" signature="logoutFromApp()[pri:0, instance:neostoxTest.NeoStoxTest2@4803b726]" started-at="2022-12-09T14:12:29 IST" name="logoutFromApp" finished-at="2022-12-09T14:12:29 IST" duration-ms="271" status="PASS">
          <reporter-output>
            <line>
              <![CDATA[loging out]]>
            </line>
          </reporter-output>
        </test-method> <!-- logoutFromApp -->
      </class> <!-- neostoxTest.NeoStoxTest2 -->
      <class name="neostoxTest.NeoStoxTest1">
        <test-method is-config="true" signature="LaunchingApp()[pri:0, instance:neostoxTest.NeoStoxTest1@6e0f5f7f]" started-at="2022-12-09T14:11:25 IST" name="LaunchingApp" finished-at="2022-12-09T14:11:35 IST" duration-ms="9824" status="PASS">
          <reporter-output>
            <line>
              <![CDATA[launching browser ]]>
            </line>
          </reporter-output>
        </test-method> <!-- LaunchingApp -->
        <test-method is-config="true" signature="loginToApp()[pri:0, instance:neostoxTest.NeoStoxTest1@6e0f5f7f]" started-at="2022-12-09T14:11:35 IST" name="loginToApp" finished-at="2022-12-09T14:11:52 IST" duration-ms="17669" status="PASS">
          <reporter-output>
            <line>
              <![CDATA[entering mobile no]]>
            </line>
            <line>
              <![CDATA[clicking on sign in button]]>
            </line>
            <line>
              <![CDATA[entering password]]>
            </line>
            <line>
              <![CDATA[clicking on submit button]]>
            </line>
            <line>
              <![CDATA[handling popup]]>
            </line>
          </reporter-output>
        </test-method> <!-- loginToApp -->
        <test-method signature="validatingFunds()[pri:0, instance:neostoxTest.NeoStoxTest1@6e0f5f7f]" started-at="2022-12-09T14:11:52 IST" name="validatingFunds" finished-at="2022-12-09T14:11:52 IST" duration-ms="92" status="PASS">
          <reporter-output>
            <line>
              <![CDATA[getting balance]]>
            </line>
            <line>
              <![CDATA[testcase  validatingFunds  is pass]]>
            </line>
          </reporter-output>
        </test-method> <!-- validatingFunds -->
        <test-method is-config="true" signature="logoutFromApp()[pri:0, instance:neostoxTest.NeoStoxTest1@6e0f5f7f]" started-at="2022-12-09T14:11:52 IST" name="logoutFromApp" finished-at="2022-12-09T14:11:56 IST" duration-ms="3410" status="PASS">
          <reporter-output>
            <line>
              <![CDATA[loging out]]>
            </line>
          </reporter-output>
        </test-method> <!-- logoutFromApp -->
        <test-method is-config="true" signature="loginToApp()[pri:0, instance:neostoxTest.NeoStoxTest1@6e0f5f7f]" started-at="2022-12-09T14:11:56 IST" name="loginToApp" finished-at="2022-12-09T14:12:02 IST" duration-ms="6125" status="PASS">
          <reporter-output>
            <line>
              <![CDATA[entering mobile no]]>
            </line>
            <line>
              <![CDATA[clicking on sign in button]]>
            </line>
            <line>
              <![CDATA[entering password]]>
            </line>
            <line>
              <![CDATA[clicking on submit button]]>
            </line>
            <line>
              <![CDATA[there is no popup]]>
            </line>
          </reporter-output>
        </test-method> <!-- loginToApp -->
        <test-method signature="validateUsernamefrom()[pri:1, instance:neostoxTest.NeoStoxTest1@6e0f5f7f]" started-at="2022-12-09T14:12:02 IST" name="validateUsernamefrom" finished-at="2022-12-09T14:12:02 IST" duration-ms="65" status="PASS">
          <reporter-output>
            <line>
              <![CDATA[getting actual username]]>
            </line>
            <line>
              <![CDATA[testcase  validateUsernamefrom  is pass]]>
            </line>
          </reporter-output>
        </test-method> <!-- validateUsernamefrom -->
        <test-method is-config="true" signature="logoutFromApp()[pri:0, instance:neostoxTest.NeoStoxTest1@6e0f5f7f]" started-at="2022-12-09T14:12:02 IST" name="logoutFromApp" finished-at="2022-12-09T14:12:03 IST" duration-ms="1278" status="PASS">
          <reporter-output>
            <line>
              <![CDATA[loging out]]>
            </line>
          </reporter-output>
        </test-method> <!-- logoutFromApp -->
        <test-method is-config="true" signature="closeBrowser()[pri:0, instance:neostoxTest.NeoStoxTest1@6e0f5f7f]" started-at="2022-12-09T14:12:03 IST" name="closeBrowser" finished-at="2022-12-09T14:12:04 IST" duration-ms="433" status="PASS">
          <reporter-output>
          </reporter-output>
        </test-method> <!-- closeBrowser -->
      </class> <!-- neostoxTest.NeoStoxTest1 -->
    </test> <!-- Test -->
  </suite> <!-- Suite -->
</testng-results>
